
> cryptography-museum@0.1.0 dev
> next dev

  ▲ Next.js 14.2.35
  - Local:        http://localhost:3000

 ✓ Starting...
 ✓ Ready in 1047ms
 ○ Compiling / ...
 ✓ Compiled / in 1142ms (476 modules)
 GET / 200 in 1356ms
 GET / 200 in 1353ms
 GET / 200 in 1353ms
 GET / 200 in 1350ms
 ✓ Compiled in 171ms (242 modules)
 GET / 200 in 1366ms
(node:8452) [DEP0060] DeprecationWarning: The `util._extend` API is deprecated. Please use Object.assign() instead.
(Use `node --trace-deprecation ...` to show where the warning was created)
 GET / 200 in 55ms
 GET / 200 in 56ms
 GET / 200 in 65ms
 GET / 200 in 71ms
 GET / 200 in 38ms
 GET / 200 in 40ms
 GET / 200 in 48ms
 GET / 200 in 48ms
 GET / 200 in 28ms
 GET / 200 in 26ms
 GET / 200 in 83ms
 GET / 200 in 94ms
 GET / 200 in 89ms
 GET / 200 in 65ms
 GET / 200 in 40ms
 GET / 200 in 63ms
 GET / 200 in 63ms
 GET / 200 in 62ms
 GET / 200 in 46ms
 GET / 200 in 72ms
 GET / 200 in 71ms
 GET / 200 in 66ms
 GET / 200 in 33ms
 GET / 200 in 45ms
 GET / 200 in 44ms
 GET / 200 in 18ms
 GET / 200 in 31ms
 GET / 200 in 59ms
 GET / 200 in 62ms
 GET / 200 in 45ms
 GET / 200 in 55ms
 GET / 200 in 80ms
 GET / 200 in 73ms
 GET / 200 in 41ms
 GET / 200 in 23ms
 GET / 200 in 38ms
 GET / 200 in 29ms
 GET / 200 in 42ms
 GET / 200 in 42ms
 GET / 200 in 32ms
 GET / 200 in 22ms
 GET / 200 in 36ms
 GET / 200 in 31ms
 GET / 200 in 45ms
 GET / 200 in 59ms
 GET / 200 in 58ms
 GET / 200 in 76ms
 GET / 200 in 75ms
 GET / 200 in 44ms
 GET / 200 in 42ms
 GET / 200 in 66ms
 GET / 200 in 70ms
 GET / 200 in 74ms
 GET / 200 in 52ms
 GET / 200 in 50ms
 GET / 200 in 76ms
 GET / 200 in 72ms
 GET / 200 in 83ms
 GET / 200 in 26ms
 GET / 200 in 21ms
 GET / 200 in 20ms
 GET / 200 in 20ms
 GET / 200 in 24ms
 GET / 200 in 55ms
 GET / 200 in 55ms
 GET / 200 in 31ms
 GET / 200 in 135ms
 GET / 200 in 24ms
 GET / 200 in 18ms
 GET / 200 in 45ms
 GET / 200 in 74ms
 GET / 200 in 54ms
 GET / 200 in 37ms
 GET / 200 in 40ms
 GET / 200 in 19ms
 GET / 200 in 21ms
 GET / 200 in 30ms
 GET / 200 in 31ms
 GET / 200 in 27ms
 GET / 200 in 33ms
 GET / 200 in 37ms
 GET / 200 in 19ms
 GET / 200 in 21ms
 GET / 200 in 22ms
 GET / 200 in 18ms
 GET / 200 in 17ms
 GET / 200 in 21ms
 GET / 200 in 16ms
 GET / 200 in 16ms
 GET / 200 in 15ms
 GET / 200 in 16ms
 GET / 200 in 16ms
 GET / 200 in 17ms
 GET / 200 in 35ms
 GET / 200 in 28ms
 GET / 200 in 20ms
 GET / 200 in 16ms
 GET / 200 in 17ms
 GET / 200 in 16ms
 GET / 200 in 18ms
 GET / 200 in 18ms
 GET / 200 in 23ms
 GET / 200 in 25ms
 GET / 200 in 22ms
 GET / 200 in 19ms
 GET / 200 in 18ms
 GET / 200 in 22ms
 GET / 200 in 18ms
 GET / 200 in 18ms
 GET / 200 in 17ms
