
Running 115 tests using 5 workers

[1A[2K[1/115] [chromium] › tests/e2e/classical.spec.ts:70:7 › Classical Ciphers E2E Tests › TC-T1-CAESAR-05 (Visual Wheel Step)
[1A[2K[2/115] [chromium] › tests/e2e/classical.spec.ts:46:7 › Classical Ciphers E2E Tests › TC-T1-CAESAR-03 (No Shift)
[1A[2K[3/115] [chromium] › tests/e2e/classical.spec.ts:29:7 › Classical Ciphers E2E Tests › TC-T1-CAESAR-02 (Decrypt Standard)
[1A[2K[4/115] [chromium] › tests/e2e/classical.spec.ts:12:7 › Classical Ciphers E2E Tests › TC-T1-CAESAR-01 (Encrypt Standard)
[1A[2K[5/115] [chromium] › tests/e2e/classical.spec.ts:58:7 › Classical Ciphers E2E Tests › TC-T1-CAESAR-04 (Case Preservation)
[1A[2K[6/115] [chromium] › tests/e2e/classical.spec.ts:84:7 › Classical Ciphers E2E Tests › TC-T2-CAESAR-01 (Negative Shift)
[1A[2K[7/115] [chromium] › tests/e2e/classical.spec.ts:98:7 › Classical Ciphers E2E Tests › TC-T2-CAESAR-02 (Extremely Large Shift)
[1A[2K[8/115] [chromium] › tests/e2e/classical.spec.ts:111:7 › Classical Ciphers E2E Tests › TC-T2-CAESAR-03 (Empty String Validation)
[1A[2K[9/115] [chromium] › tests/e2e/classical.spec.ts:120:7 › Classical Ciphers E2E Tests › TC-T2-CAESAR-04 (Non-Numeric Shift)
[1A[2K[10/115] [chromium] › tests/e2e/classical.spec.ts:128:7 › Classical Ciphers E2E Tests › TC-T2-CAESAR-05 (Max Length Bound)
[1A[2K[11/115] [chromium] › tests/e2e/classical.spec.ts:145:7 › Classical Ciphers E2E Tests › TC-T1-VIGENERE-01 (Encrypt Standard)
[1A[2K[12/115] [chromium] › tests/e2e/classical.spec.ts:162:7 › Classical Ciphers E2E Tests › TC-T1-VIGENERE-02 (Decrypt Standard)
[1A[2K[13/115] [chromium] › tests/e2e/classical.spec.ts:179:7 › Classical Ciphers E2E Tests › TC-T1-VIGENERE-03 (Key Case Insensitivity)
[1A[2K[14/115] [chromium] › tests/e2e/classical.spec.ts:198:7 › Classical Ciphers E2E Tests › TC-T1-VIGENERE-04 (Special Characters Preservation)
[1A[2K[15/115] [chromium] › tests/e2e/classical.spec.ts:210:7 › Classical Ciphers E2E Tests › TC-T1-VIGENERE-05 (Visual Grid Highlight)
[1A[2K[16/115] [chromium] › tests/e2e/classical.spec.ts:224:7 › Classical Ciphers E2E Tests › TC-T2-VIGENERE-01 (Empty Key Validation)
[1A[2K[17/115] [chromium] › tests/e2e/classical.spec.ts:237:7 › Classical Ciphers E2E Tests › TC-T2-VIGENERE-02 (Non-Alphabetic Key)
[1A[2K[18/115] [chromium] › tests/e2e/classical.spec.ts:250:7 › Classical Ciphers E2E Tests › TC-T2-VIGENERE-03 (Empty Input Validation)
[1A[2K[19/115] [chromium] › tests/e2e/classical.spec.ts:259:7 › Classical Ciphers E2E Tests › TC-T2-VIGENERE-04 (Max Length Bound)
[1A[2K[20/115] [chromium] › tests/e2e/classical.spec.ts:272:7 › Classical Ciphers E2E Tests › TC-T2-VIGENERE-05 (Key Matching Input Length)
[1A[2K[21/115] [chromium] › tests/e2e/classical.spec.ts:288:7 › Classical Ciphers E2E Tests › TC-T1-AFFINE-01 (Encrypt Standard)
[1A[2K[22/115] [chromium] › tests/e2e/classical.spec.ts:306:7 › Classical Ciphers E2E Tests › TC-T1-AFFINE-02 (Decrypt Standard)
[1A[2K[23/115] [chromium] › tests/e2e/classical.spec.ts:324:7 › Classical Ciphers E2E Tests › TC-T1-AFFINE-03 (Coprime a=17)
[1A[2K[24/115] [chromium] › tests/e2e/classical.spec.ts:337:7 › Classical Ciphers E2E Tests › TC-T1-AFFINE-04 (Key Decryption Reciprocity)
[1A[2K[25/115] [chromium] › tests/e2e/classical.spec.ts:367:7 › Classical Ciphers E2E Tests › TC-T1-AFFINE-05 (Formula Visualizer)
[1A[2K[26/115] [chromium] › tests/e2e/classical.spec.ts:378:7 › Classical Ciphers E2E Tests › TC-T2-AFFINE-01 (Non-Coprime Parameter a)
[1A[2K[27/115] [chromium] › tests/e2e/classical.spec.ts:387:7 › Classical Ciphers E2E Tests › TC-T2-AFFINE-02 (Even Value a)
[1A[2K[28/115] [chromium] › tests/e2e/classical.spec.ts:396:7 › Classical Ciphers E2E Tests › TC-T2-AFFINE-03 (Negative Parameters)
[1A[2K[29/115] [chromium] › tests/e2e/classical.spec.ts:408:7 › Classical Ciphers E2E Tests › TC-T2-AFFINE-04 (Out of Bounds a/b)
[1A[2K[30/115] [chromium] › tests/e2e/classical.spec.ts:418:7 › Classical Ciphers E2E Tests › TC-T2-AFFINE-05 (Max Length Bound)
[1A[2K[31/115] [chromium] › tests/e2e/historical.spec.ts:12:7 › Historical Ciphers E2E Tests › TC-T1-SCYTALE-01 (Encrypt Standard)
[1A[2K[32/115] [chromium] › tests/e2e/historical.spec.ts:29:7 › Historical Ciphers E2E Tests › TC-T1-SCYTALE-02 (Decrypt Standard)
[1A[2K[33/115] [chromium] › tests/e2e/historical.spec.ts:50:7 › Historical Ciphers E2E Tests › TC-T1-SCYTALE-03 (Single Row / Edge Width)
[1A[2K[34/115] [chromium] › tests/e2e/historical.spec.ts:64:7 › Historical Ciphers E2E Tests › TC-T1-SCYTALE-04 (Wrapping Tape Animation)
[1A[2K  1) [chromium] › tests/e2e/classical.spec.ts:29:7 › Classical Ciphers E2E Tests › TC-T1-CAESAR-02 (Decrypt Standard) 

    Error: [2mexpect([22m[31mlocator[39m[2m).[22mtoHaveText[2m([22m[32mexpected[39m[2m)[22m failed

    Locator:  locator('[data-testid="output-text-caesar"]')
    Expected: [32m"HELLO"[39m
    Received: [31m""[39m
    Timeout:  5000ms

    Call log:
    [2m  - Expect "toHaveText" with timeout 5000ms[22m
    [2m  - waiting for locator('[data-testid="output-text-caesar"]')[22m
    [2m    14 × locator resolved to <div data-testid="output-text-caesar" class="w-full min-h-[50px] p-4 bg-slate-950 border border-slate-800 rounded-lg text-amber-300 font-mono break-all whitespace-pre-wrap"></div>[22m
    [2m       - unexpected value ""[22m


      41 |     }
      42 |     
    > 43 |     await expect(page.locator('[data-testid="output-text-caesar"]')).toHaveText('HELLO');
         |                                                                      ^
      44 |   });
      45 |
      46 |   test('TC-T1-CAESAR-03 (No Shift)', async ({ page }) => {
        at /Users/abc/Desktop/Cryptography/web/tests/e2e/classical.spec.ts:43:70

    attachment #1: screenshot (image/png) ──────────────────────────────────────────────────────────
    test-results/classical-Classical-Cipher-baa34-CAESAR-02-Decrypt-Standard--chromium/test-failed-1.png
    ────────────────────────────────────────────────────────────────────────────────────────────────

    Error Context: test-results/classical-Classical-Cipher-baa34-CAESAR-02-Decrypt-Standard--chromium/error-context.md


[1A[2K[35/115] [chromium] › tests/e2e/historical.spec.ts:92:7 › Historical Ciphers E2E Tests › TC-T2-SCYTALE-01 (Width Too Small)
[1A[2K[36/115] [chromium] › tests/e2e/historical.spec.ts:100:7 › Historical Ciphers E2E Tests › TC-T2-SCYTALE-02 (Non-Numeric Width)
[1A[2K[37/115] [chromium] › tests/e2e/historical.spec.ts:108:7 › Historical Ciphers E2E Tests › TC-T2-SCYTALE-03 (Width Exceeding Input Length)
[1A[2K[38/115] [chromium] › tests/e2e/historical.spec.ts:117:7 › Historical Ciphers E2E Tests › TC-T2-SCYTALE-04 (Empty Input Validation)
[1A[2K[39/115] [chromium] › tests/e2e/historical.spec.ts:73:7 › Historical Ciphers E2E Tests › TC-T1-SCYTALE-05 (Varying Width)
[1A[2K  2) [chromium] › tests/e2e/historical.spec.ts:29:7 › Historical Ciphers E2E Tests › TC-T1-SCYTALE-02 (Decrypt Standard) 

    Error: [2mexpect([22m[31mreceived[39m[2m).[22mtoBe[2m([22m[32mexpected[39m[2m) // Object.is equality[22m

    Expected: [32mtrue[39m
    Received: [31mfalse[39m

      45 |     await expect(outputLocator).not.toBeEmpty();
      46 |     const outputText = await outputLocator.textContent();
    > 47 |     expect(outputText?.trim().startsWith('I AM HURT VERY BADLY')).toBe(true);
         |                                                                   ^
      48 |   });
      49 |
      50 |   test('TC-T1-SCYTALE-03 (Single Row / Edge Width)', async ({ page }) => {
        at /Users/abc/Desktop/Cryptography/web/tests/e2e/historical.spec.ts:47:67

    attachment #1: screenshot (image/png) ──────────────────────────────────────────────────────────
    test-results/historical-Historical-Ciph-61c28-CYTALE-02-Decrypt-Standard--chromium/test-failed-1.png
    ────────────────────────────────────────────────────────────────────────────────────────────────

    Error Context: test-results/historical-Historical-Ciph-61c28-CYTALE-02-Decrypt-Standard--chromium/error-context.md


[1A[2K[40/115] [chromium] › tests/e2e/historical.spec.ts:139:7 › Historical Ciphers E2E Tests › TC-T1-POLYBIUS-01 (Encrypt Standard)
[1A[2K[41/115] [chromium] › tests/e2e/historical.spec.ts:155:7 › Historical Ciphers E2E Tests › TC-T1-POLYBIUS-02 (Decrypt Standard)
[1A[2K[42/115] [chromium] › tests/e2e/historical.spec.ts:174:7 › Historical Ciphers E2E Tests › TC-T1-POLYBIUS-03 (I and J Merge)
[1A[2K[43/115] [chromium] › tests/e2e/historical.spec.ts:126:7 › Historical Ciphers E2E Tests › TC-T2-SCYTALE-05 (Max Length Bound)
[1A[2K[44/115] [chromium] › tests/e2e/historical.spec.ts:193:7 › Historical Ciphers E2E Tests › TC-T1-POLYBIUS-04 (Non-Alphabetic Ignored/Preserved)
[1A[2K[45/115] [chromium] › tests/e2e/historical.spec.ts:207:7 › Historical Ciphers E2E Tests › TC-T1-POLYBIUS-05 (Grid Highlight)
[1A[2K[46/115] [chromium] › tests/e2e/historical.spec.ts:215:7 › Historical Ciphers E2E Tests › TC-T2-POLYBIUS-01 (Invalid Decrypt Coordinates)
[1A[2K  3) [chromium] › tests/e2e/historical.spec.ts:155:7 › Historical Ciphers E2E Tests › TC-T1-POLYBIUS-02 (Decrypt Standard) 

    Error: [2mexpect([22m[31mreceived[39m[2m).[22mtoBe[2m([22m[32mexpected[39m[2m) // Object.is equality[22m

    Expected: [32mtrue[39m
    Received: [31mfalse[39m

      169 |     await expect(outputLocator).not.toBeEmpty();
      170 |     const outputText = await outputLocator.textContent();
    > 171 |     expect(outputText === 'HELLO' || outputText === 'HELLIO').toBe(true);
          |                                                               ^
      172 |   });
      173 |
      174 |   test('TC-T1-POLYBIUS-03 (I and J Merge)', async ({ page }) => {
        at /Users/abc/Desktop/Cryptography/web/tests/e2e/historical.spec.ts:171:63

    attachment #1: screenshot (image/png) ──────────────────────────────────────────────────────────
    test-results/historical-Historical-Ciph-8cdac-LYBIUS-02-Decrypt-Standard--chromium/test-failed-1.png
    ────────────────────────────────────────────────────────────────────────────────────────────────

    Error Context: test-results/historical-Historical-Ciph-8cdac-LYBIUS-02-Decrypt-Standard--chromium/error-context.md


[1A[2K[47/115] [chromium] › tests/e2e/historical.spec.ts:249:7 › Historical Ciphers E2E Tests › TC-T2-POLYBIUS-03 (Empty Input Validation)
[1A[2K[48/115] [chromium] › tests/e2e/historical.spec.ts:257:7 › Historical Ciphers E2E Tests › TC-T2-POLYBIUS-04 (Max Length Bound)
[1A[2K[49/115] [chromium] › tests/e2e/historical.spec.ts:265:7 › Historical Ciphers E2E Tests › TC-T2-POLYBIUS-05 (Non-numeric Coordinates Decrypt)
[1A[2K[50/115] [chromium] › tests/e2e/historical.spec.ts:232:7 › Historical Ciphers E2E Tests › TC-T2-POLYBIUS-02 (Decryption Out of Range)
[1A[2K[51/115] [chromium] › tests/e2e/historical.spec.ts:286:7 › Historical Ciphers E2E Tests › TC-T1-ENIGMA-01 (Encrypt Standard)
[1A[2K[52/115] [chromium] › tests/e2e/historical.spec.ts:318:7 › Historical Ciphers E2E Tests › TC-T1-ENIGMA-02 (Reciprocity/Decryption)
[1A[2K[53/115] [chromium] › tests/e2e/historical.spec.ts:344:7 › Historical Ciphers E2E Tests › TC-T1-ENIGMA-03 (Rotor Config Change)
[1A[2K[54/115] [chromium] › tests/e2e/historical.spec.ts:364:7 › Historical Ciphers E2E Tests › TC-T1-ENIGMA-04 (Plugboard Swaps)
[1A[2K[55/115] [chromium] › tests/e2e/historical.spec.ts:380:7 › Historical Ciphers E2E Tests › TC-T1-ENIGMA-05 (Visual Electrical Path)
[1A[2K[56/115] [chromium] › tests/e2e/historical.spec.ts:388:7 › Historical Ciphers E2E Tests › TC-T2-ENIGMA-01 (Invalid Rotor Configuration)
[1A[2K[57/115] [chromium] › tests/e2e/historical.spec.ts:400:7 › Historical Ciphers E2E Tests › TC-T2-ENIGMA-02 (Duplicate Plugboard Connections)
[1A[2K[58/115] [chromium] › tests/e2e/historical.spec.ts:412:7 › Historical Ciphers E2E Tests › TC-T2-ENIGMA-03 (Invalid Plugboard Character)
[1A[2K[59/115] [chromium] › tests/e2e/historical.spec.ts:424:7 › Historical Ciphers E2E Tests › TC-T2-ENIGMA-04 (Empty Input Validation)
[1A[2K[60/115] [chromium] › tests/e2e/historical.spec.ts:432:7 › Historical Ciphers E2E Tests › TC-T2-ENIGMA-05 (Max Length Bound)
[1A[2K[61/115] [chromium] › tests/e2e/interactions.spec.ts:8:7 › Tier 3: Pairwise Interactions & Visual Integration E2E Tests › TC-T3-INTERACT-01 (Input State Persistence)
[1A[2K[62/115] [chromium] › tests/e2e/interactions.spec.ts:26:7 › Tier 3: Pairwise Interactions & Visual Integration E2E Tests › TC-T3-INTERACT-02 (Mode Select State Preservation)
[1A[2K[63/115] [chromium] › tests/e2e/interactions.spec.ts:55:7 › Tier 3: Pairwise Interactions & Visual Integration E2E Tests › TC-T3-INTERACT-03 (Global/Local Playback Control Integration)
[1A[2K[64/115] [chromium] › tests/e2e/interactions.spec.ts:74:7 › Tier 3: Pairwise Interactions & Visual Integration E2E Tests › TC-T3-INTERACT-04 (Timeline Scroll Sync)
[1A[2K[65/115] [chromium] › tests/e2e/interactions.spec.ts:86:7 › Tier 3: Pairwise Interactions & Visual Integration E2E Tests › TC-T3-INTERACT-05 (Mobile Viewport Responsiveness)
[1A[2K[66/115] [chromium] › tests/e2e/interactions.spec.ts:96:7 › Tier 3: Pairwise Interactions & Visual Integration E2E Tests › TC-T3-INTERACT-06 (Theme Contrast Compliance)
[1A[2K[67/115] [chromium] › tests/e2e/interactions.spec.ts:105:7 › Tier 3: Pairwise Interactions & Visual Integration E2E Tests › TC-T3-INTERACT-07 (Reduced Motion Media Query)
[1A[2K[68/115] [chromium] › tests/e2e/interactions.spec.ts:121:7 › Tier 3: Pairwise Interactions & Visual Integration E2E Tests › TC-T3-INTERACT-08 (Keyboard Accessibility Navigation)
[1A[2K[69/115] [chromium] › tests/e2e/interactions.spec.ts:141:7 › Tier 3: Pairwise Interactions & Visual Integration E2E Tests › TC-T3-INTERACT-09 (Error Auto-dismissal)
[1A[2K[70/115] [chromium] › tests/e2e/interactions.spec.ts:153:7 › Tier 3: Pairwise Interactions & Visual Integration E2E Tests › TC-T3-INTERACT-10 (Output Copy-Paste Integration)
[1A[2K[71/115] [chromium] › tests/e2e/interactions.spec.ts:170:7 › Tier 3: Pairwise Interactions & Visual Integration E2E Tests › TC-T3-INTERACT-11 (Keyboard Focus Trapping)
[1A[2K[72/115] [chromium] › tests/e2e/interactions.spec.ts:191:7 › Tier 3: Pairwise Interactions & Visual Integration E2E Tests › TC-T3-INTERACT-12 (Deep Linking & Timeline Navigation)
[1A[2K[73/115] [chromium] › tests/e2e/interactions.spec.ts:200:7 › Tier 3: Pairwise Interactions & Visual Integration E2E Tests › TC-T3-INTERACT-13 (Playback Control State Protection)
[1A[2K[74/115] [chromium] › tests/e2e/interactions.spec.ts:217:7 › Tier 3: Pairwise Interactions & Visual Integration E2E Tests › TC-T3-INTERACT-14 (Reset Button Clear state)
[1A[2K[75/115] [chromium] › tests/e2e/interactions.spec.ts:232:7 › Tier 3: Pairwise Interactions & Visual Integration E2E Tests › TC-T3-INTERACT-15 (Playback Speed preservation)
[1A[2K[76/115] [chromium] › tests/e2e/modern.spec.ts:12:7 › Modern Ciphers E2E Tests › TC-T1-AES-01 (Encrypt AES-128)
[1A[2K[77/115] [chromium] › tests/e2e/modern.spec.ts:29:7 › Modern Ciphers E2E Tests › TC-T1-AES-02 (Decrypt AES-128)
[1A[2K[78/115] [chromium] › tests/e2e/modern.spec.ts:55:7 › Modern Ciphers E2E Tests › TC-T1-AES-03 (AES-256 Encrypt)
[1A[2K[79/115] [chromium] › tests/e2e/modern.spec.ts:68:7 › Modern Ciphers E2E Tests › TC-T1-AES-04 (Hex vs Text Mode)
[1A[2K[80/115] [chromium] › tests/e2e/modern.spec.ts:83:7 › Modern Ciphers E2E Tests › TC-T1-AES-05 (Round Visualization)
[1A[2K[81/115] [chromium] › tests/e2e/modern.spec.ts:95:7 › Modern Ciphers E2E Tests › TC-T2-AES-01 (Invalid Key Size)
[1A[2K[82/115] [chromium] › tests/e2e/modern.spec.ts:103:7 › Modern Ciphers E2E Tests › TC-T2-AES-02 (Non-Hex Key for Hex Mode)
[1A[2K[83/115] [chromium] › tests/e2e/modern.spec.ts:115:7 › Modern Ciphers E2E Tests › TC-T2-AES-03 (Empty Input Validation)
[1A[2K[84/115] [chromium] › tests/e2e/modern.spec.ts:124:7 › Modern Ciphers E2E Tests › TC-T2-AES-04 (Max Length Bound)
[1A[2K[85/115] [chromium] › tests/e2e/modern.spec.ts:133:7 › Modern Ciphers E2E Tests › TC-T2-AES-05 (Invalid Ciphertext Decryption)
[1A[2K[86/115] [chromium] › tests/e2e/modern.spec.ts:155:7 › Modern Ciphers E2E Tests › TC-T1-RSA-01 (Keypair Gen)
[1A[2K[87/115] [chromium] › tests/e2e/modern.spec.ts:168:7 › Modern Ciphers E2E Tests › TC-T1-RSA-02 (Encrypt Message)
[1A[2K[88/115] [chromium] › tests/e2e/modern.spec.ts:186:7 › Modern Ciphers E2E Tests › TC-T1-RSA-03 (Decrypt Ciphertext)
[1A[2K[89/115] [chromium] › tests/e2e/modern.spec.ts:209:7 › Modern Ciphers E2E Tests › TC-T1-RSA-04 (Custom e Selection)
[1A[2K[90/115] [chromium] › tests/e2e/modern.spec.ts:221:7 › Modern Ciphers E2E Tests › TC-T1-RSA-05 (Formula Visualization)
[1A[2K[91/115] [chromium] › tests/e2e/modern.spec.ts:230:7 › Modern Ciphers E2E Tests › TC-T2-RSA-01 (Non-Prime Parameters)
[1A[2K[92/115] [chromium] › tests/e2e/modern.spec.ts:238:7 › Modern Ciphers E2E Tests › TC-T2-RSA-02 (Primes Too Small)
[1A[2K[93/115] [chromium] › tests/e2e/modern.spec.ts:246:7 › Modern Ciphers E2E Tests › TC-T2-RSA-03 (Coprimality Violation for e)
[1A[2K[94/115] [chromium] › tests/e2e/modern.spec.ts:255:7 › Modern Ciphers E2E Tests › TC-T2-RSA-04 (Empty Input Validation)
[1A[2K[95/115] [chromium] › tests/e2e/modern.spec.ts:263:7 › Modern Ciphers E2E Tests › TC-T2-RSA-05 (Max Length Bound)
[1A[2K[96/115] [chromium] › tests/e2e/modern.spec.ts:275:7 › Modern Ciphers E2E Tests › TC-T1-SHA256-01 (Hash Empty String)
[1A[2K[97/115] [chromium] › tests/e2e/modern.spec.ts:287:7 › Modern Ciphers E2E Tests › TC-T1-SHA256-02 (Hash Text)
[1A[2K[98/115] [chromium] › tests/e2e/modern.spec.ts:299:7 › Modern Ciphers E2E Tests › TC-T1-SHA256-03 (Varying Case Hash)
[1A[2K  4) [chromium] › tests/e2e/modern.spec.ts:299:7 › Modern Ciphers E2E Tests › TC-T1-SHA256-03 (Varying Case Hash) 

    Error: [2mexpect([22m[31mreceived[39m[2m).[22mnot[2m.[22mtoEqual[2m([22m[32mexpected[39m[2m) // deep equality[22m

    Expected: not [32m"185f8db32271fe25f561a6fc938b2e264306ec304eda518007d1764826381969"[39m


      310 |     const hash2 = await outputLocator.textContent();
      311 |     
    > 312 |     expect(hash1).not.toEqual(hash2);
          |                       ^
      313 |   });
      314 |
      315 |   test('TC-T1-SHA256-04 (Padding Visual Representation)', async ({ page }) => {
        at /Users/abc/Desktop/Cryptography/web/tests/e2e/modern.spec.ts:312:23

    attachment #1: screenshot (image/png) ──────────────────────────────────────────────────────────
    test-results/modern-Modern-Ciphers-E2E--9c3c5-HA256-03-Varying-Case-Hash--chromium/test-failed-1.png
    ────────────────────────────────────────────────────────────────────────────────────────────────

    Error Context: test-results/modern-Modern-Ciphers-E2E--9c3c5-HA256-03-Varying-Case-Hash--chromium/error-context.md


[1A[2K  5) [chromium] › tests/e2e/interactions.spec.ts:200:7 › Tier 3: Pairwise Interactions & Visual Integration E2E Tests › TC-T3-INTERACT-13 (Playback Control State Protection) 

    Error: [2mexpect([22m[31mlocator[39m[2m).[22mtoBeVisible[2m([22m[2m)[22m failed

    Locator: locator('[data-testid="play-btn-caesar"]')
    Expected: visible
    Timeout: 5000ms
    Error: element(s) not found

    Call log:
    [2m  - Expect "toBeVisible" with timeout 5000ms[22m
    [2m  - waiting for locator('[data-testid="play-btn-caesar"]')[22m


      210 |       const pauseBtn = page.locator('[data-testid="pause-btn-caesar"]');
      211 |       if (await pauseBtn.count() > 0) {
    > 212 |         await expect(playBtn).toBeVisible();
          |                               ^
      213 |       }
      214 |     }
      215 |   });
        at /Users/abc/Desktop/Cryptography/web/tests/e2e/interactions.spec.ts:212:31

    attachment #1: screenshot (image/png) ──────────────────────────────────────────────────────────
    test-results/interactions-Tier-3-Pairwi-64e79-k-Control-State-Protection--chromium/test-failed-1.png
    ────────────────────────────────────────────────────────────────────────────────────────────────

    Error Context: test-results/interactions-Tier-3-Pairwi-64e79-k-Control-State-Protection--chromium/error-context.md


[1A[2K  6) [chromium] › tests/e2e/modern.spec.ts:29:7 › Modern Ciphers E2E Tests › TC-T1-AES-02 (Decrypt AES-128) 

    Error: [2mexpect([22m[31mlocator[39m[2m).[22mtoHaveText[2m([22m[32mexpected[39m[2m)[22m failed

    Locator:  locator('[data-testid="output-text-aes"]')
    Expected: [32m"Secret Message"[39m
    Received: [31m""[39m
    Timeout:  5000ms

    Call log:
    [2m  - Expect "toHaveText" with timeout 5000ms[22m
    [2m  - waiting for locator('[data-testid="output-text-aes"]')[22m
    [2m    14 × locator resolved to <div data-testid="output-text-aes" class="w-full min-h-[80px] p-4 bg-slate-950 border border-slate-800 rounded-lg font-mono text-amber-500 text-sm whitespace-pre-wrap break-all"></div>[22m
    [2m       - unexpected value ""[22m


      50 |     }
      51 |     
    > 52 |     await expect(page.locator('[data-testid="output-text-aes"]')).toHaveText('Secret Message');
         |                                                                   ^
      53 |   });
      54 |
      55 |   test('TC-T1-AES-03 (AES-256 Encrypt)', async ({ page }) => {
        at /Users/abc/Desktop/Cryptography/web/tests/e2e/modern.spec.ts:52:67

    attachment #1: screenshot (image/png) ──────────────────────────────────────────────────────────
    test-results/modern-Modern-Ciphers-E2E--01f47--T1-AES-02-Decrypt-AES-128--chromium/test-failed-1.png
    ────────────────────────────────────────────────────────────────────────────────────────────────

    Error Context: test-results/modern-Modern-Ciphers-E2E--01f47--T1-AES-02-Decrypt-AES-128--chromium/error-context.md


[1A[2K[99/115] [chromium] › tests/e2e/modern.spec.ts:315:7 › Modern Ciphers E2E Tests › TC-T1-SHA256-04 (Padding Visual Representation)
[1A[2K[100/115] [chromium] › tests/e2e/modern.spec.ts:323:7 › Modern Ciphers E2E Tests › TC-T1-SHA256-05 (Block Splitting)
[1A[2K[101/115] [chromium] › tests/e2e/modern.spec.ts:332:7 › Modern Ciphers E2E Tests › TC-T2-SHA256-01 (Empty Input Handling)
[1A[2K[102/115] [chromium] › tests/e2e/modern.spec.ts:340:7 › Modern Ciphers E2E Tests › TC-T2-SHA256-02 (Unicode/Emoji Inputs)
[1A[2K[103/115] [chromium] › tests/e2e/modern.spec.ts:348:7 › Modern Ciphers E2E Tests › TC-T2-SHA256-03 (Max Length Bound)
[1A[2K[104/115] [chromium] › tests/e2e/modern.spec.ts:356:7 › Modern Ciphers E2E Tests › TC-T2-SHA256-04 (Special Symbol Inputs)
[1A[2K  7) [chromium] › tests/e2e/modern.spec.ts:186:7 › Modern Ciphers E2E Tests › TC-T1-RSA-03 (Decrypt Ciphertext) 

    Error: [2mexpect([22m[31mlocator[39m[2m).[22mtoHaveText[2m([22m[32mexpected[39m[2m)[22m failed

    Locator:  locator('[data-testid="output-text-rsa"]')
    Expected: [32m"42"[39m
    Received: [31m""[39m
    Timeout:  5000ms

    Call log:
    [2m  - Expect "toHaveText" with timeout 5000ms[22m
    [2m  - waiting for locator('[data-testid="output-text-rsa"]')[22m
    [2m    14 × locator resolved to <div data-testid="output-text-rsa" class="w-full min-h-[80px] p-4 bg-slate-950 border border-slate-800 rounded-lg font-mono text-amber-500 text-sm whitespace-pre-wrap break-all"></div>[22m
    [2m       - unexpected value ""[22m


      204 |     }
      205 |     
    > 206 |     await expect(page.locator('[data-testid="output-text-rsa"]')).toHaveText('42');
          |                                                                   ^
      207 |   });
      208 |
      209 |   test('TC-T1-RSA-04 (Custom e Selection)', async ({ page }) => {
        at /Users/abc/Desktop/Cryptography/web/tests/e2e/modern.spec.ts:206:67

    attachment #1: screenshot (image/png) ──────────────────────────────────────────────────────────
    test-results/modern-Modern-Ciphers-E2E--d04f0--RSA-03-Decrypt-Ciphertext--chromium/test-failed-1.png
    ────────────────────────────────────────────────────────────────────────────────────────────────

    Error Context: test-results/modern-Modern-Ciphers-E2E--d04f0--RSA-03-Decrypt-Ciphertext--chromium/error-context.md


[1A[2K[105/115] [chromium] › tests/e2e/scenarios.spec.ts:8:7 › Tier 4: Real-World Application Scenarios E2E Tests › TC-T4-SCENARIO-01: Multi-Stage Classical Transmission
[1A[2K  8) [chromium] › tests/e2e/modern.spec.ts:221:7 › Modern Ciphers E2E Tests › TC-T1-RSA-05 (Formula Visualization) 

    Error: [2mexpect([22m[31mlocator[39m[2m).[22mtoBeVisible[2m([22m[2m)[22m failed

    Locator: locator('[data-testid="visualizer-rsa"]').locator('text=n = p, text=d, svg, div').first()
    Expected: visible
    Timeout: 5000ms
    Error: element(s) not found

    Call log:
    [2m  - Expect "toBeVisible" with timeout 5000ms[22m
    [2m  - waiting for locator('[data-testid="visualizer-rsa"]').locator('text=n = p, text=d, svg, div').first()[22m


      225 |     const visualizer = page.locator('[data-testid="visualizer-rsa"]');
      226 |     await expect(visualizer).toBeVisible();
    > 227 |     await expect(visualizer.locator('text=n = p, text=d, svg, div').first()).toBeVisible();
          |                                                                              ^
      228 |   });
      229 |
      230 |   test('TC-T2-RSA-01 (Non-Prime Parameters)', async ({ page }) => {
        at /Users/abc/Desktop/Cryptography/web/tests/e2e/modern.spec.ts:227:78

    attachment #1: screenshot (image/png) ──────────────────────────────────────────────────────────
    test-results/modern-Modern-Ciphers-E2E--027e9-A-05-Formula-Visualization--chromium/test-failed-1.png
    ────────────────────────────────────────────────────────────────────────────────────────────────

    Error Context: test-results/modern-Modern-Ciphers-E2E--027e9-A-05-Formula-Visualization--chromium/error-context.md


[1A[2K[106/115] [chromium] › tests/e2e/modern.spec.ts:364:7 › Modern Ciphers E2E Tests › TC-T2-SHA256-05 (Rapid Sequence Changes)
[1A[2K[107/115] [chromium] › tests/e2e/scenarios.spec.ts:78:7 › Tier 4: Real-World Application Scenarios E2E Tests › TC-T4-SCENARIO-02: Modern Secure Channel Simulation
[1A[2K[108/115] [chromium] › tests/e2e/scenarios.spec.ts:137:7 › Tier 4: Real-World Application Scenarios E2E Tests › TC-T4-SCENARIO-03: Museum Tour Timeline Navigation
[1A[2K  9) [chromium] › tests/e2e/scenarios.spec.ts:8:7 › Tier 4: Real-World Application Scenarios E2E Tests › TC-T4-SCENARIO-01: Multi-Stage Classical Transmission 

    Error: [2mexpect([22m[31mreceived[39m[2m).[22mtoBe[2m([22m[32mexpected[39m[2m) // Object.is equality[22m

    Expected: [32m"MUSEUM VISIT AT NOON"[39m
    Received: [31m"KMVSJMRN OEJTW  QJZP"[39m

      73 |
      74 |     // 8. Verify final output matches original "MUSEUM VISIT AT NOON"
    > 75 |     expect(caesarDecrypted?.toUpperCase().trim()).toBe('MUSEUM VISIT AT NOON');
         |                                                   ^
      76 |   });
      77 |
      78 |   test('TC-T4-SCENARIO-02: Modern Secure Channel Simulation', async ({ page }) => {
        at /Users/abc/Desktop/Cryptography/web/tests/e2e/scenarios.spec.ts:75:51

    attachment #1: screenshot (image/png) ──────────────────────────────────────────────────────────
    test-results/scenarios-Tier-4-Real-Worl-f6afd-tage-Classical-Transmission-chromium/test-failed-1.png
    ────────────────────────────────────────────────────────────────────────────────────────────────

    Error Context: test-results/scenarios-Tier-4-Real-Worl-f6afd-tage-Classical-Transmission-chromium/error-context.md


[1A[2K  10) [chromium] › tests/e2e/scenarios.spec.ts:78:7 › Tier 4: Real-World Application Scenarios E2E Tests › TC-T4-SCENARIO-02: Modern Secure Channel Simulation 

    Error: [2mexpect([22m[31mreceived[39m[2m).[22mtoBe[2m([22m[32mexpected[39m[2m) // Object.is equality[22m

    Expected: [32m"1234567890123456"[39m
    Received: [31m"0b5a021a01700211070a07aa0a5d0702049702700b5a021a01700211070a07aa"[39m

      119 |     }
      120 |     const decryptedKey = await page.locator('[data-testid="output-text-rsa"]').textContent();
    > 121 |     expect(decryptedKey).toBe(aesKey);
          |                          ^
      122 |
      123 |     // 7. AES Decrypt ciphertext
      124 |     await aesNode.click();
        at /Users/abc/Desktop/Cryptography/web/tests/e2e/scenarios.spec.ts:121:26

    attachment #1: screenshot (image/png) ──────────────────────────────────────────────────────────
    test-results/scenarios-Tier-4-Real-Worl-93829-n-Secure-Channel-Simulation-chromium/test-failed-1.png
    ────────────────────────────────────────────────────────────────────────────────────────────────

    Error Context: test-results/scenarios-Tier-4-Real-Worl-93829-n-Secure-Channel-Simulation-chromium/error-context.md


[1A[2K[109/115] [chromium] › tests/e2e/scenarios.spec.ts:160:7 › Tier 4: Real-World Application Scenarios E2E Tests › TC-T4-SCENARIO-04: Database Integrity Simulation
[1A[2K[110/115] [chromium] › tests/e2e/scenarios.spec.ts:213:7 › Tier 4: Real-World Application Scenarios E2E Tests › TC-T4-SCENARIO-05: Enigma Operational Simulation
[1A[2K  11) [chromium] › tests/e2e/scenarios.spec.ts:160:7 › Tier 4: Real-World Application Scenarios E2E Tests › TC-T4-SCENARIO-04: Database Integrity Simulation 

    Error: [2mexpect([22m[31mreceived[39m[2m).[22mnot[2m.[22mtoEqual[2m([22m[32mexpected[39m[2m) // deep equality[22m

    Expected: not [32m"4e4ecc23eda1583ebe4a6fa78d3bd5494cbe88fbc264e79aa6e3e749ad0e6c19"[39m


      190 |
      191 |     // 5. Verify hash is different
    > 192 |     expect(newHash).not.toEqual(origHash);
          |                         ^
      193 |
      194 |     // 6. Encrypt modified text
      195 |     await aesNode.click();
        at /Users/abc/Desktop/Cryptography/web/tests/e2e/scenarios.spec.ts:192:25

    attachment #1: screenshot (image/png) ──────────────────────────────────────────────────────────
    test-results/scenarios-Tier-4-Real-Worl-fcefd-tabase-Integrity-Simulation-chromium/test-failed-1.png
    ────────────────────────────────────────────────────────────────────────────────────────────────

    Error Context: test-results/scenarios-Tier-4-Real-Worl-fcefd-tabase-Integrity-Simulation-chromium/error-context.md


[1A[2K[111/115] [chromium] › tests/e2e/scenarios.spec.ts:283:7 › Tier 4: Real-World Application Scenarios E2E Tests › TC-T4-SCENARIO-07: Large Input Stress Test
[1A[2K[112/115] [chromium] › tests/e2e/scenarios.spec.ts:260:7 › Tier 4: Real-World Application Scenarios E2E Tests › TC-T4-SCENARIO-06: Double-Encryption Comparison
[1A[2K[113/115] [chromium] › tests/e2e/scenarios.spec.ts:298:7 › Tier 4: Real-World Application Scenarios E2E Tests › TC-T4-SCENARIO-08: Caesar Brute-Force Simulation
[1A[2K  12) [chromium] › tests/e2e/modern.spec.ts:323:7 › Modern Ciphers E2E Tests › TC-T1-SHA256-05 (Block Splitting) 

    Error: [2mexpect([22m[31mlocator[39m[2m).[22mtoBeVisible[2m([22m[2m)[22m failed

    Locator: locator('[data-testid="visualizer-sha256"]').locator('text=Block 1, text=Block 2, svg, div').first()
    Expected: visible
    Timeout: 5000ms
    Error: element(s) not found

    Call log:
    [2m  - Expect "toBeVisible" with timeout 5000ms[22m
    [2m  - waiting for locator('[data-testid="visualizer-sha256"]').locator('text=Block 1, text=Block 2, svg, div').first()[22m


      327 |     const visualizer = page.locator('[data-testid="visualizer-sha256"]');
      328 |     await expect(visualizer).toBeVisible();
    > 329 |     await expect(visualizer.locator('text=Block 1, text=Block 2, svg, div').first()).toBeVisible();
          |                                                                                      ^
      330 |   });
      331 |
      332 |   test('TC-T2-SHA256-01 (Empty Input Handling)', async ({ page }) => {
        at /Users/abc/Desktop/Cryptography/web/tests/e2e/modern.spec.ts:329:86

    attachment #1: screenshot (image/png) ──────────────────────────────────────────────────────────
    test-results/modern-Modern-Ciphers-E2E--b35c0--SHA256-05-Block-Splitting--chromium/test-failed-1.png
    ────────────────────────────────────────────────────────────────────────────────────────────────

    Error Context: test-results/modern-Modern-Ciphers-E2E--b35c0--SHA256-05-Block-Splitting--chromium/error-context.md


[1A[2K[114/115] [chromium] › tests/e2e/scenarios.spec.ts:368:7 › Tier 4: Real-World Application Scenarios E2E Tests › TC-T4-SCENARIO-10: Timeline Browsing History Integration
[1A[2K  13) [chromium] › tests/e2e/modern.spec.ts:315:7 › Modern Ciphers E2E Tests › TC-T1-SHA256-04 (Padding Visual Representation) 

    Error: [2mexpect([22m[31mlocator[39m[2m).[22mtoBeVisible[2m([22m[2m)[22m failed

    Locator: locator('[data-testid="visualizer-sha256"]').locator('text=pad, text=1, svg, div').first()
    Expected: visible
    Timeout: 5000ms
    Error: element(s) not found

    Call log:
    [2m  - Expect "toBeVisible" with timeout 5000ms[22m
    [2m  - waiting for locator('[data-testid="visualizer-sha256"]').locator('text=pad, text=1, svg, div').first()[22m


      318 |     const visualizer = page.locator('[data-testid="visualizer-sha256"]');
      319 |     await expect(visualizer).toBeVisible();
    > 320 |     await expect(visualizer.locator('text=pad, text=1, svg, div').first()).toBeVisible();
          |                                                                            ^
      321 |   });
      322 |
      323 |   test('TC-T1-SHA256-05 (Block Splitting)', async ({ page }) => {
        at /Users/abc/Desktop/Cryptography/web/tests/e2e/modern.spec.ts:320:76

    attachment #1: screenshot (image/png) ──────────────────────────────────────────────────────────
    test-results/modern-Modern-Ciphers-E2E--771db-ding-Visual-Representation--chromium/test-failed-1.png
    ────────────────────────────────────────────────────────────────────────────────────────────────

    Error Context: test-results/modern-Modern-Ciphers-E2E--771db-ding-Visual-Representation--chromium/error-context.md


[1A[2K[115/115] [chromium] › tests/e2e/scenarios.spec.ts:323:7 › Tier 4: Real-World Application Scenarios E2E Tests › TC-T4-SCENARIO-09: Signed Key Exchange
[1A[2K  14) [chromium] › tests/e2e/scenarios.spec.ts:137:7 › Tier 4: Real-World Application Scenarios E2E Tests › TC-T4-SCENARIO-03: Museum Tour Timeline Navigation 

    Error: [2mexpect([22m[31mlocator[39m[2m).[22mtoHaveClass[2m([22m[32mexpected[39m[2m)[22m failed

    Locator: locator('[data-testid="timeline-node-caesar"]')
    Expected pattern: [32m/active|highlighted/[39m
    Received string:  [31m"px-4 py-2 rounded-full text-xs font-mono border transition bg-slate-850 border-slate-700 text-slate-400 hover:text-slate-200"[39m
    Timeout: 5000ms

    Call log:
    [2m  - Expect "toHaveClass" with timeout 5000ms[22m
    [2m  - waiting for locator('[data-testid="timeline-node-caesar"]')[22m
    [2m    4 × locator resolved to <button aria-current="location" data-testid="timeline-node-caesar" class="px-4 py-2 rounded-full text-xs font-mono border transition bg-amber-500 border-amber-500 text-slate-950 font-bold">Caesar Cipher (50 BC)</button>[22m
    [2m      - unexpected value "px-4 py-2 rounded-full text-xs font-mono border transition bg-amber-500 border-amber-500 text-slate-950 font-bold"[22m
    [2m    10 × locator resolved to <button data-testid="timeline-node-caesar" class="px-4 py-2 rounded-full text-xs font-mono border transition bg-slate-850 border-slate-700 text-slate-400 hover:text-slate-200">Caesar Cipher (50 BC)</button>[22m
    [2m       - unexpected value "px-4 py-2 rounded-full text-xs font-mono border transition bg-slate-850 border-slate-700 text-slate-400 hover:text-slate-200"[22m


      138 |     // 1. Load application. Verify Caesar timeline highlighted
      139 |     const caesarNode = page.locator('[data-testid="timeline-node-caesar"]');
    > 140 |     await expect(caesarNode).toHaveClass(/active|highlighted/);
          |                              ^
      141 |
      142 |     // 2. Click Enigma node. Verify Enigma visible
      143 |     const enigmaNode = page.locator('[data-testid="timeline-node-enigma"]');
        at /Users/abc/Desktop/Cryptography/web/tests/e2e/scenarios.spec.ts:140:30

    attachment #1: screenshot (image/png) ──────────────────────────────────────────────────────────
    test-results/scenarios-Tier-4-Real-Worl-11e10-um-Tour-Timeline-Navigation-chromium/test-failed-1.png
    ────────────────────────────────────────────────────────────────────────────────────────────────

    Error Context: test-results/scenarios-Tier-4-Real-Worl-11e10-um-Tour-Timeline-Navigation-chromium/error-context.md


[1A[2K  14 failed
    [chromium] › tests/e2e/classical.spec.ts:29:7 › Classical Ciphers E2E Tests › TC-T1-CAESAR-02 (Decrypt Standard) 
    [chromium] › tests/e2e/historical.spec.ts:29:7 › Historical Ciphers E2E Tests › TC-T1-SCYTALE-02 (Decrypt Standard) 
    [chromium] › tests/e2e/historical.spec.ts:155:7 › Historical Ciphers E2E Tests › TC-T1-POLYBIUS-02 (Decrypt Standard) 
    [chromium] › tests/e2e/interactions.spec.ts:200:7 › Tier 3: Pairwise Interactions & Visual Integration E2E Tests › TC-T3-INTERACT-13 (Playback Control State Protection) 
    [chromium] › tests/e2e/modern.spec.ts:29:7 › Modern Ciphers E2E Tests › TC-T1-AES-02 (Decrypt AES-128) 
    [chromium] › tests/e2e/modern.spec.ts:186:7 › Modern Ciphers E2E Tests › TC-T1-RSA-03 (Decrypt Ciphertext) 
    [chromium] › tests/e2e/modern.spec.ts:221:7 › Modern Ciphers E2E Tests › TC-T1-RSA-05 (Formula Visualization) 
    [chromium] › tests/e2e/modern.spec.ts:299:7 › Modern Ciphers E2E Tests › TC-T1-SHA256-03 (Varying Case Hash) 
    [chromium] › tests/e2e/modern.spec.ts:315:7 › Modern Ciphers E2E Tests › TC-T1-SHA256-04 (Padding Visual Representation) 
    [chromium] › tests/e2e/modern.spec.ts:323:7 › Modern Ciphers E2E Tests › TC-T1-SHA256-05 (Block Splitting) 
    [chromium] › tests/e2e/scenarios.spec.ts:8:7 › Tier 4: Real-World Application Scenarios E2E Tests › TC-T4-SCENARIO-01: Multi-Stage Classical Transmission 
    [chromium] › tests/e2e/scenarios.spec.ts:78:7 › Tier 4: Real-World Application Scenarios E2E Tests › TC-T4-SCENARIO-02: Modern Secure Channel Simulation 
    [chromium] › tests/e2e/scenarios.spec.ts:137:7 › Tier 4: Real-World Application Scenarios E2E Tests › TC-T4-SCENARIO-03: Museum Tour Timeline Navigation 
    [chromium] › tests/e2e/scenarios.spec.ts:160:7 › Tier 4: Real-World Application Scenarios E2E Tests › TC-T4-SCENARIO-04: Database Integrity Simulation 
  101 passed (27.2s)
